<?xml version="1.0" encoding="UTF-8"?>
<!-- Generated by org.testng.reporters.JUnitXMLReporter -->
<testsuite ignored="0" hostname="DESKTOP-KJQ2V0H" failures="0" tests="2" name="Default test" time="67.118" errors="0" timestamp="2022-04-19T15:11:43 IST">
  <testcase classname="com.VtigerTestCasess.TC003_ContactWithOrgTest" name="createcontactTest" time="20.187"/>
  <testcase classname="com.VtigerTestCasess.TC003_ContactWithOrgTest" name="createcontactwithorgTest" time="27.114"/>
</testsuite> <!-- Default test -->
