<?xml version="1.0" encoding="UTF-8"?>
<testng-results ignored="0" total="2" passed="2" failed="0" skipped="0">
  <reporter-output>
  </reporter-output>
  <suite started-at="2022-04-19T15:10:35 IST" name="Default suite" finished-at="2022-04-19T15:11:43 IST" duration-ms="67118">
    <groups>
      <group name="integration">
        <method signature="TC003_ContactWithOrgTest.createcontactwithorgTest()[pri:0, instance:com.VtigerTestCasess.TC003_ContactWithOrgTest@618425b5]" name="createcontactwithorgTest" class="com.VtigerTestCasess.TC003_ContactWithOrgTest"/>
      </group> <!-- integration -->
      <group name="smoke">
        <method signature="TC003_ContactWithOrgTest.createcontactTest()[pri:0, instance:com.VtigerTestCasess.TC003_ContactWithOrgTest@618425b5]" name="createcontactTest" class="com.VtigerTestCasess.TC003_ContactWithOrgTest"/>
      </group> <!-- smoke -->
    </groups>
    <test started-at="2022-04-19T15:10:35 IST" name="Default test" finished-at="2022-04-19T15:11:43 IST" duration-ms="67118">
      <class name="com.VtigerTestCasess.TC003_ContactWithOrgTest">
        <test-method is-config="true" signature="beforesuite()[pri:0, instance:com.VtigerTestCasess.TC003_ContactWithOrgTest@618425b5]" started-at="2022-04-19T15:10:35 IST" name="beforesuite" finished-at="2022-04-19T15:10:35 IST" duration-ms="5" status="PASS">
          <reporter-output>
          </reporter-output>
        </test-method> <!-- beforesuite -->
        <test-method is-config="true" signature="beforeclass()[pri:0, instance:com.VtigerTestCasess.TC003_ContactWithOrgTest@618425b5]" started-at="2022-04-19T15:10:35 IST" name="beforeclass" finished-at="2022-04-19T15:10:37 IST" duration-ms="1368" status="PASS">
          <reporter-output>
          </reporter-output>
        </test-method> <!-- beforeclass -->
        <test-method is-config="true" signature="logintoVtiger()[pri:0, instance:com.VtigerTestCasess.TC003_ContactWithOrgTest@618425b5]" started-at="2022-04-19T15:10:37 IST" name="logintoVtiger" finished-at="2022-04-19T15:10:41 IST" duration-ms="4485" status="PASS">
          <reporter-output>
          </reporter-output>
        </test-method> <!-- logintoVtiger -->
        <test-method signature="createcontactTest()[pri:0, instance:com.VtigerTestCasess.TC003_ContactWithOrgTest@618425b5]" started-at="2022-04-19T15:10:41 IST" name="createcontactTest" finished-at="2022-04-19T15:11:01 IST" duration-ms="20187" status="PASS">
          <reporter-output>
          </reporter-output>
        </test-method> <!-- createcontactTest -->
        <test-method is-config="true" signature="logout()[pri:0, instance:com.VtigerTestCasess.TC003_ContactWithOrgTest@618425b5]" started-at="2022-04-19T15:11:01 IST" name="logout" finished-at="2022-04-19T15:11:04 IST" duration-ms="2061" status="PASS">
          <reporter-output>
          </reporter-output>
        </test-method> <!-- logout -->
        <test-method is-config="true" signature="logintoVtiger()[pri:0, instance:com.VtigerTestCasess.TC003_ContactWithOrgTest@618425b5]" started-at="2022-04-19T15:11:04 IST" name="logintoVtiger" finished-at="2022-04-19T15:11:07 IST" duration-ms="3958" status="PASS">
          <reporter-output>
          </reporter-output>
        </test-method> <!-- logintoVtiger -->
        <test-method signature="createcontactwithorgTest()[pri:0, instance:com.VtigerTestCasess.TC003_ContactWithOrgTest@618425b5]" started-at="2022-04-19T15:11:07 IST" name="createcontactwithorgTest" finished-at="2022-04-19T15:11:35 IST" duration-ms="27114" status="PASS">
          <reporter-output>
          </reporter-output>
        </test-method> <!-- createcontactwithorgTest -->
        <test-method is-config="true" signature="logout()[pri:0, instance:com.VtigerTestCasess.TC003_ContactWithOrgTest@618425b5]" started-at="2022-04-19T15:11:35 IST" name="logout" finished-at="2022-04-19T15:11:36 IST" duration-ms="1806" status="PASS">
          <reporter-output>
          </reporter-output>
        </test-method> <!-- logout -->
        <test-method is-config="true" signature="afterClass()[pri:0, instance:com.VtigerTestCasess.TC003_ContactWithOrgTest@618425b5]" started-at="2022-04-19T15:11:36 IST" name="afterClass" finished-at="2022-04-19T15:11:43 IST" duration-ms="6099" status="PASS">
          <reporter-output>
          </reporter-output>
        </test-method> <!-- afterClass -->
        <test-method is-config="true" signature="afterSuite()[pri:0, instance:com.VtigerTestCasess.TC003_ContactWithOrgTest@618425b5]" started-at="2022-04-19T15:11:43 IST" name="afterSuite" finished-at="2022-04-19T15:11:43 IST" duration-ms="1" status="PASS">
          <reporter-output>
          </reporter-output>
        </test-method> <!-- afterSuite -->
      </class> <!-- com.VtigerTestCasess.TC003_ContactWithOrgTest -->
    </test> <!-- Default test -->
  </suite> <!-- Default suite -->
</testng-results>
