<?xml version="1.0" encoding="UTF-8"?>
<!-- Generated by org.testng.reporters.JUnitXMLReporter -->
<testsuite ignored="0" hostname="DESKTOP-KJQ2V0H" failures="1" tests="1" name="Test2" time="45.833" errors="0" timestamp="2022-04-12T16:49:07 IST">
  <testcase classname="com.VtigerTestCasess.TC001_CreateOrgWithDDTest" name="createorgwithDDTest" time="27.025">
    <failure type="java.lang.AssertionError" message="expected [orgname] but found [Mental Health Care]">
      <![CDATA[java.lang.AssertionError: expected [orgname] but found [Mental Health Care]
at com.VtigerTestCasess.TC001_CreateOrgWithDDTest.createorgwithDDTest(TC001_CreateOrgWithDDTest.java:50)
at java.base/java.util.ArrayList.forEach(ArrayList.java:1541)
at java.base/java.util.concurrent.FutureTask.run(FutureTask.java:264)
at java.base/java.util.concurrent.ThreadPoolExecutor.runWorker(ThreadPoolExecutor.java:1128)
at java.base/java.util.concurrent.ThreadPoolExecutor$Worker.run(ThreadPoolExecutor.java:628)
at java.base/java.lang.Thread.run(Thread.java:829)
... Removed 24 stack frames]]>
    </failure>
  </testcase> <!-- createorgwithDDTest -->
</testsuite> <!-- Test2 -->
