<?xml version="1.0" encoding="UTF-8"?>
<!-- Generated by org.testng.reporters.JUnitXMLReporter -->
<testsuite ignored="6" hostname="DESKTOP-KJQ2V0H" failures="0" tests="0" time="0.007" errors="0" timestamp="2022-04-19T11:11:17 IST">
  <testcase classname="com.VtigerTestCasess.TC001_CreateOrgWithDDTest" name="deleteOrgTest" time="0.0">
    <ignored/>
  </testcase> <!-- deleteOrgTest -->
  <testcase classname="com.VtigerTestCasess.TC001_CreateOrgWithDDTest" name="createorgwithDDTest" time="0.0">
    <ignored/>
  </testcase> <!-- createorgwithDDTest -->
  <testcase classname="com.VtigerTestCasess.TC002_CreateOrgTest" name="createorgTest" time="0.0">
    <ignored/>
  </testcase> <!-- createorgTest -->
  <testcase classname="com.VtigerTestCasess.TC003_ContactWithOrgTest" name="createcontactwithorgTest" time="0.0">
    <ignored/>
  </testcase> <!-- createcontactwithorgTest -->
  <testcase classname="com.VtigerTestCasess.TC002_CreateOrgTest" name="createorgwithmobilenoTest" time="0.0">
    <ignored/>
  </testcase> <!-- createorgwithmobilenoTest -->
  <testcase classname="com.VtigerTestCasess.TC003_ContactWithOrgTest" name="createcontactTest" time="0.0">
    <ignored/>
  </testcase> <!-- createcontactTest -->
</testsuite>
